Processing message: Hello
Got response from MAS: Hello there! 👋 Welcome! How can I help you today? 😊
...
Response length: 52
Processing message: Hello
Got response from MAS: Hello there! 👋 Welcome! It's a pleasure to have you here. How can I assist you today?
...
Response length: 86
Processing message: Hello!
Got response from MAS: Hello there! 👋 Welcome! It's a pleasure to have you here. How can I assist you today?
...
Response length: 86
Processing message: Hello
Got response from MAS: Hello there! Welcome! How can I help you today? 😊
...
Response length: 50
Processing message: Hello
Got response from MAS: Hello there! 👋 Welcome! It's great to have you here. How can I assist you today?
...
Response length: 81
Processing message: Hello
Got response from MAS: Hello there! Welcome! How can I help you today? 😊
...
Response length: 50
Processing message: Hello
Got response from MAS: Hello there! 👋 Welcome! How can I brighten your day today? 😊
...
Response length: 61
Processing message: Hello!
Got response from MAS: Hello there! 👋 Welcome! How can I help you today? I'm glad to assist in any way I can. 😊
...
Response length: 89
Processing message: What's the weather in New York?
Got response from MAS: I will check the weather information for you.
The weather in New York, New York, United States is cl...
Response length: 242
Processing message: Can you help me with document management?
Got response from MAS: I can help you manage document corpora. I can list the available corpora, create new ones, add data ...
Response length: 210
Processing message: Search for papers on machine learning
Got response from MAS: The academic search agents here require specific seminal paper context. For general academic searche...
Response length: 196
Processing message: Suggest future research directions
Got response from MAS: The academic research agents in this system are designed for a specific workflow involving seminal p...
Response length: 285
Processing message: Hello
Got response from MAS: Hello there! Welcome! How can I help you today? 😊
...
Response length: 50
Processing message: Hello!
Got response from MAS: Hello there! Welcome! How can I help you today? 😊
...
Response length: 50
Processing message: What's the weather in New York?
Got response from MAS: I will check the weather information for you.
The current weather in New York, New York, United Stat...
Response length: 250
Processing message: Can you help me with document management?
Got response from MAS: I can help you manage document corpora, including listing available corpora, creating new ones, addi...
Response length: 212
Processing message: Search for papers on machine learning
Got response from MAS: The academic search agents here require specific seminal paper context. For general academic searche...
Response length: 196
Processing message: Suggest future research directions
Got response from MAS: The academic research agents in this system are designed for a specific workflow involving seminal p...
Response length: 285
Processing message: Hello!
Got response from MAS: Hello there! Welcome! 😊 How can I help you today?
...
Response length: 50
Processing message: What's the weather in New York?
Got response from MAS: I will check the weather information for you.
The current weather in New York, New York, United Stat...
Response length: 253
Processing message: Can you help me with document management?
Got response from MAS: I can help you manage document corpora, including listing available corpora, creating new ones, addi...
Response length: 212
Processing message: Search for papers on machine learning
Got response from MAS: The academic search agents here require specific seminal paper context. For general academic searche...
Response length: 196
Processing message: Suggest future research directions
Got response from MAS: The academic research agents in this system are designed for a specific workflow involving seminal p...
Response length: 285
